<?xml version="1.0" encoding="UTF-8"?>
<testsuites name="jest tests" tests="12" failures="0" errors="0" time="30.471">
  <testsuite name="src\components\__tests__\Footer.test.jsx" errors="0" failures="0" skipped="0" timestamp="2025-03-27T13:44:19" time="2.509" tests="1">
    <testcase classname="Footer Component" name="renders the Footer correctly" time="0.117">
    </testcase>
  </testsuite>
  <testsuite name="src\components\__tests__\Modal.test.jsx" errors="0" failures="0" skipped="0" timestamp="2025-03-27T13:44:19" time="2.834" tests="2">
    <testcase classname="Modal Component" name="renders the Modal correctly" time="0.19">
    </testcase>
    <testcase classname="Modal Component" name="closes the Modal when the close button is clicked" time="0.083">
    </testcase>
  </testsuite>
  <testsuite name="src\pages\LoginPage\__tests__\LoginPage.test.jsx" errors="0" failures="0" skipped="0" timestamp="2025-03-27T13:44:19" time="4.011" tests="5">
    <testcase classname="LoginPage" name="renders login form" time="0.132">
    </testcase>
    <testcase classname="LoginPage" name="renders the LoginPage correctly" time="0.109">
    </testcase>
    <testcase classname="LoginPage" name="displays validation errors when fields are empty" time="0.105">
    </testcase>
    <testcase classname="LoginPage" name="handles user input correctly" time="0.019">
    </testcase>
    <testcase classname="LoginPage" name="displays loading state when isLoading is true" time="0.01">
    </testcase>
  </testsuite>
  <testsuite name="src\components\__tests__\Header.test.jsx" errors="0" failures="0" skipped="0" timestamp="2025-03-27T13:44:19" time="28.411" tests="1">
    <testcase classname="Header Component" name="renders the Header correctly" time="0.157">
    </testcase>
  </testsuite>
  <testsuite name="src\pages\HomePage\__tests__\mainHomePage.test.jsx" errors="0" failures="0" skipped="0" timestamp="2025-03-27T13:44:19" time="28.746" tests="3">
    <testcase classname="LayOut Component" name="renders user details correctly" time="0.189">
    </testcase>
    <testcase classname="LayOut Component" name="shows the modal when &apos;Apply for Correction/Rearrangement of Name&apos; is clicked" time="0.065">
    </testcase>
    <testcase classname="LayOut Component" name="renders the loading skeleton when data is loading" time="0.033">
    </testcase>
  </testsuite>
</testsuites>