<?xml version="1.0" encoding="UTF-8"?>
<testsuites name="jest tests" tests="12" failures="0" errors="0" time="186.096">
  <testsuite name="src\components\__tests__\Footer.test.jsx" errors="0" failures="0" skipped="0" timestamp="2025-05-30T22:22:45" time="6.283" tests="1">
    <testcase classname="Footer Component" name="renders the Footer correctly" time="0.31">
    </testcase>
  </testsuite>
  <testsuite name="src\components\__tests__\Modal.test.jsx" errors="0" failures="0" skipped="0" timestamp="2025-05-30T22:22:45" time="6.902" tests="2">
    <testcase classname="Modal Component" name="renders the Modal correctly" time="1.034">
    </testcase>
    <testcase classname="Modal Component" name="closes the Modal when the close button is clicked" time="0.313">
    </testcase>
  </testsuite>
  <testsuite name="src\pages\LoginPage\__tests__\LoginPage.test.jsx" errors="0" failures="0" skipped="0" timestamp="2025-05-30T22:22:45" time="9.304" tests="5">
    <testcase classname="LoginPage" name="renders login form" time="0.349">
    </testcase>
    <testcase classname="LoginPage" name="renders the LoginPage correctly" time="0.205">
    </testcase>
    <testcase classname="LoginPage" name="displays validation errors when fields are empty" time="0.175">
    </testcase>
    <testcase classname="LoginPage" name="handles user input correctly" time="0.064">
    </testcase>
    <testcase classname="LoginPage" name="displays loading state when isLoading is true" time="0.028">
    </testcase>
  </testsuite>
  <testsuite name="src\components\__tests__\Header.test.jsx" errors="0" failures="0" skipped="0" timestamp="2025-05-30T22:22:45" time="166.595" tests="1">
    <testcase classname="Header Component" name="renders the Header correctly" time="1.09">
    </testcase>
  </testsuite>
  <testsuite name="src\pages\HomePage\__tests__\mainHomePage.test.jsx" errors="0" failures="0" skipped="0" timestamp="2025-05-30T22:22:45" time="180.843" tests="3">
    <testcase classname="LayOut Component" name="renders user details correctly" time="0.373">
    </testcase>
    <testcase classname="LayOut Component" name="shows the modal when &apos;Apply for Correction/Rearrangement of Name&apos; is clicked" time="0.099">
    </testcase>
    <testcase classname="LayOut Component" name="renders the loading skeleton when data is loading" time="0.042">
    </testcase>
  </testsuite>
</testsuites>